10/5/2021 7:42:12 AM	This log contains information about the import schema operation into project 'Area57Database' on computer 'DESKTOP-T1OOUH1' by user 'mark_'.
10/5/2021 7:42:12 AM	Import of database schema has started.
10/5/2021 7:42:29 AM	Gathering database credentials
10/5/2021 7:42:29 AM	Gathering database options
10/5/2021 7:42:29 AM	Gathering generic database scoped configuration option
10/5/2021 7:42:29 AM	Gathering users
10/5/2021 7:42:29 AM	Gathering roles
10/5/2021 7:42:30 AM	Gathering application roles
10/5/2021 7:42:30 AM	Gathering role memberships
10/5/2021 7:42:30 AM	Gathering filegroups
10/5/2021 7:42:30 AM	Gathering full-text catalogs
10/5/2021 7:42:30 AM	Gathering assemblies
10/5/2021 7:42:30 AM	Gathering certificates
10/5/2021 7:42:30 AM	Gathering asymmetric keys
10/5/2021 7:42:30 AM	Gathering symmetric keys
10/5/2021 7:42:30 AM	Gathering encrypted symmetric keys
10/5/2021 7:42:30 AM	Gathering schemas
10/5/2021 7:42:30 AM	Gathering XML schema collections
10/5/2021 7:42:30 AM	Gathering user-defined data types
10/5/2021 7:42:30 AM	Gathering user-defined types
10/5/2021 7:42:30 AM	Gathering table types
10/5/2021 7:42:30 AM	Gathering unique keys for table types
10/5/2021 7:42:30 AM	Gathering primary keys for table types
10/5/2021 7:42:30 AM	Gathering indexes for table types
10/5/2021 7:42:30 AM	Gathering check constraints for table types
10/5/2021 7:42:30 AM	Gathering default constraints for table types
10/5/2021 7:42:30 AM	Gathering partition functions
10/5/2021 7:42:30 AM	Gathering partition schemes
10/5/2021 7:42:30 AM	Gathering functions
10/5/2021 7:42:30 AM	Gathering encrypted functions
10/5/2021 7:42:31 AM	Gathering aggregates
10/5/2021 7:42:31 AM	Gathering procedures
10/5/2021 7:42:31 AM	Gathering encrypted procedures
10/5/2021 7:42:31 AM	Gathering tables
10/5/2021 7:42:32 AM	Gathering primary keys
10/5/2021 7:42:32 AM	Gathering unique constraints
10/5/2021 7:42:32 AM	Gathering foreign keys
10/5/2021 7:42:32 AM	Gathering default constraints
10/5/2021 7:42:33 AM	Gathering check constraints
10/5/2021 7:42:33 AM	Gathering views
10/5/2021 7:42:33 AM	Gathering encrypted views
10/5/2021 7:42:33 AM	Gathering indexes
10/5/2021 7:42:33 AM	Gathering statistics
10/5/2021 7:42:33 AM	Gathering full-text index stoplists
10/5/2021 7:42:33 AM	Gathering search property lists
10/5/2021 7:42:33 AM	Gathering search properties
10/5/2021 7:42:33 AM	Gathering full-text indexes
10/5/2021 7:42:34 AM	Gathering column store indexes
10/5/2021 7:42:34 AM	Gathering spatial indexes
10/5/2021 7:42:34 AM	Gathering XML indexes
10/5/2021 7:42:34 AM	Gathering Selective XML indexes
10/5/2021 7:42:34 AM	Gathering encrypted triggers
10/5/2021 7:42:34 AM	Gathering triggers
10/5/2021 7:42:34 AM	Gathering encrypted and clr ddl triggers
10/5/2021 7:42:34 AM	Gathering ddl triggers
10/5/2021 7:42:34 AM	Creating edge constraints
10/5/2021 7:42:34 AM	Gathering synonyms
10/5/2021 7:42:34 AM	Gathering defaults
10/5/2021 7:42:34 AM	Gathering data constraint uddt bindings
10/5/2021 7:42:34 AM	Gathering rules
10/5/2021 7:42:34 AM	Gathering data constraint uddt bindings
10/5/2021 7:42:34 AM	Gathering message types
10/5/2021 7:42:34 AM	Gathering queues
10/5/2021 7:42:34 AM	Gathering contracts
10/5/2021 7:42:34 AM	Gathering services
10/5/2021 7:42:34 AM	Gathering event notifications
10/5/2021 7:42:34 AM	Gathering remote service bindings
10/5/2021 7:42:34 AM	Gathering broker priorities
10/5/2021 7:42:34 AM	Gathering signatures
10/5/2021 7:42:34 AM	Gathering data compression options
10/5/2021 7:42:35 AM	Gathering sequence types
10/5/2021 7:42:35 AM	Gathering security policies
10/5/2021 7:42:35 AM	Gather column encryption keys
10/5/2021 7:42:35 AM	Gathering column master keys
10/5/2021 7:42:35 AM	Gathering external data sources
10/5/2021 7:42:35 AM	Gathering external file formats
10/5/2021 7:42:35 AM	Gathering external tables
10/5/2021 7:42:35 AM	Gathering database permissions
10/5/2021 7:42:35 AM	Gathering extended properties
10/5/2021 7:42:35 AM	Gathering credentials
10/5/2021 7:42:35 AM	Gathering logins
10/5/2021 7:42:35 AM	Gathering server audits
10/5/2021 7:42:37 AM	Scanning project for duplicate elements
10/5/2021 7:42:38 AM	Finished duplicate element processing
10/5/2021 7:42:41 AM	Finished importing database.
10/5/2021 7:42:41 AM	A summary of the import was saved to the following location: C:\Users\mark_\source\repos\Area57\Area57Database\Import Schema Logs\Area57Database_20211005124212.log
10/5/2021 7:42:41 AM	Click Finish to continue...
